<?xml version="1.0" encoding="UTF-8"?>
<!-- Generated by org.testng.reporters.JUnitReportReporter -->
<testsuite hostname="DESKTOP-BCE8AG1" failures="0" tests="10" name="pages.Logincrm" time="44.537" errors="0" timestamp="20 May 2022 13:38:05 GMT" skipped="0">
  <testcase classname="pages.Logincrm" name="loginApp" time="5.146"/>
  <testcase classname="pages.Logincrm" name="signupapp" time="8.603"/>
  <testcase classname="pages.Logincrm" name="searchupapp" time="7.958"/>
  <testcase classname="pages.Logincrm" name="Bedapp" time="7.128"/>
  <testcase classname="pages.Logincrm" name="Bedappcart" time="4.683"/>
  <testcase classname="pages.Logincrm" name="assertionaa" time="2.827"/>
  <testcase classname="pages.Logincrm" name="tvappcart" time="2.940"/>
  <testcase classname="pages.Logincrm" name="studyapp" time="3.136"/>
  <testcase classname="pages.Logincrm" name="aboutapp" time="1.717"/>
  <testcase classname="pages.Logincrm" name="infoapp" time="0.399"/>
</testsuite> <!-- pages.Logincrm -->
